<?xml version="1.0" encoding="UTF-8"?>
<!-- Generated by org.testng.reporters.JUnitReportReporter -->
<testsuite skipped="1" hostname="LFR035411" name="util.TestGroup" tests="3" failures="0" timestamp="2019-10-21T14:54:07 CEST" time="0.018" errors="0">
  <testcase name="test3" time="0.001" classname="util.TestGroup"/>
  <testcase name="test1" time="0.017" classname="util.TestGroup"/>
  <testcase name="test2" classname="util.TestGroup">
    <skipped/>
  </testcase> <!-- test2 -->
</testsuite> <!-- util.TestGroup -->
