<?xml version="1.0" encoding="UTF-8"?>
<!-- Generated by org.testng.reporters.JUnitReportReporter -->
<testsuite skipped="0" hostname="LFR035411" name="util.TesnGT" tests="2" failures="0" timestamp="2019-10-21T14:29:50 CEST" time="8.343" errors="0">
  <testcase name="test" time="3.856" classname="util.TesnGT"/>
  <testcase name="test" time="4.487" classname="util.TesnGT"/>
</testsuite> <!-- util.TesnGT -->
